Using pre-set license
Built from '2021.3/staging' branch; Version is '2021.3.20f1 (577897200b8b) revision 5732503'; Using compiler version '192829333'; Build Type 'Release'
OS: 'Windows 10  (10.0.19045) 64bit Professional' Language: 'en' Physical Memory: 16334 MB
BatchMode: 1, IsHumanControllingUs: 0, StartBugReporterOnCrash: 0, Is64bit: 1, IsPro: 1

COMMAND LINE ARGUMENTS:
C:\Program Files\Unity\Hub\Editor\2021.3.20f1\Editor\Unity.exe
-adb2
-batchMode
-noUpm
-name
AssetImportWorker2
-projectPath
E:/Unity Engine/Ali Raza
-logFile
Logs/AssetImportWorker2.log
-srvPort
60011
Successfully changed project path to: E:/Unity Engine/Ali Raza
E:/Unity Engine/Ali Raza
[UnityMemory] Configuration Parameters - Can be set up in boot.config
    "memorysetup-bucket-allocator-granularity=16"
    "memorysetup-bucket-allocator-bucket-count=8"
    "memorysetup-bucket-allocator-block-size=33554432"
    "memorysetup-bucket-allocator-block-count=8"
    "memorysetup-main-allocator-block-size=16777216"
    "memorysetup-thread-allocator-block-size=16777216"
    "memorysetup-gfx-main-allocator-block-size=16777216"
    "memorysetup-gfx-thread-allocator-block-size=16777216"
    "memorysetup-cache-allocator-block-size=4194304"
    "memorysetup-typetree-allocator-block-size=2097152"
    "memorysetup-profiler-bucket-allocator-granularity=16"
    "memorysetup-profiler-bucket-allocator-bucket-count=8"
    "memorysetup-profiler-bucket-allocator-block-size=33554432"
    "memorysetup-profiler-bucket-allocator-block-count=8"
    "memorysetup-profiler-allocator-block-size=16777216"
    "memorysetup-profiler-editor-allocator-block-size=1048576"
    "memorysetup-temp-allocator-size-main=16777216"
    "memorysetup-job-temp-allocator-block-size=2097152"
    "memorysetup-job-temp-allocator-block-size-background=1048576"
    "memorysetup-job-temp-allocator-reduction-small-platforms=262144"
    "memorysetup-temp-allocator-size-background-worker=32768"
    "memorysetup-temp-allocator-size-job-worker=262144"
    "memorysetup-temp-allocator-size-preload-manager=33554432"
    "memorysetup-temp-allocator-size-nav-mesh-worker=65536"
    "memorysetup-temp-allocator-size-audio-worker=65536"
    "memorysetup-temp-allocator-size-cloud-worker=32768"
    "memorysetup-temp-allocator-size-gi-baking-worker=262144"
    "memorysetup-temp-allocator-size-gfx=262144"
Player connection [22172] Host "[IP] 192.168.10.13 [Port] 0 [Flags] 2 [Guid] 2526468680 [EditorId] 2526468680 [Version] 1048832 [Id] WindowsEditor(7,DESKTOP-LUHJ5CH) [Debug] 1 [PackageName] WindowsEditor [ProjectName] Editor" joined multi-casting on [225.0.0.222:54997]...

Player connection [22172] Host "[IP] 192.168.10.13 [Port] 0 [Flags] 2 [Guid] 2526468680 [EditorId] 2526468680 [Version] 1048832 [Id] WindowsEditor(7,DESKTOP-LUHJ5CH) [Debug] 1 [PackageName] WindowsEditor [ProjectName] Editor" joined alternative multi-casting on [225.0.0.222:34997]...

Refreshing native plugins compatible for Editor in 340.41 ms, found 3 plugins.
Preloading 0 native plugins for Editor in 0.00 ms.
Initialize engine version: 2021.3.20f1 (577897200b8b)
[Subsystems] Discovering subsystems at path C:/Program Files/Unity/Hub/Editor/2021.3.20f1/Editor/Data/Resources/UnitySubsystems
[Subsystems] Discovering subsystems at path E:/Unity Engine/Ali Raza/Assets
GfxDevice: creating device client; threaded=0; jobified=0
Direct3D:
    Version:  Direct3D 11.0 [level 11.1]
    Renderer: NVIDIA GeForce GTX 1070 (ID=0x1b81)
    Vendor:   NVIDIA
    VRAM:     8067 MB
    Driver:   31.0.15.5222
Initialize mono
Mono path[0] = 'C:/Program Files/Unity/Hub/Editor/2021.3.20f1/Editor/Data/Managed'
Mono path[1] = 'C:/Program Files/Unity/Hub/Editor/2021.3.20f1/Editor/Data/MonoBleedingEdge/lib/mono/unityjit-win32'
Mono config path = 'C:/Program Files/Unity/Hub/Editor/2021.3.20f1/Editor/Data/MonoBleedingEdge/etc'
Using monoOptions --debugger-agent=transport=dt_socket,embedding=1,server=y,suspend=n,address=127.0.0.1:56196
Begin MonoManager ReloadAssembly
Registering precompiled unity dll's ...
Register platform support module: C:/Program Files/Unity/Hub/Editor/2021.3.20f1/Editor/Data/PlaybackEngines/WindowsStandaloneSupport/UnityEditor.WindowsStandalone.Extensions.dll
Registered in 0.011255 seconds.
Native extension for WindowsStandalone target not found
Refreshing native plugins compatible for Editor in 134.05 ms, found 3 plugins.
Preloading 0 native plugins for Editor in 0.00 ms.
Mono: successfully reloaded assembly
- Completed reload, in  0.748 seconds
Domain Reload Profiling:
	ReloadAssembly (749ms)
		BeginReloadAssembly (120ms)
			ExecutionOrderSort (0ms)
			DisableScriptedObjects (0ms)
			BackupInstance (0ms)
			ReleaseScriptingObjects (0ms)
			CreateAndSetChildDomain (1ms)
		EndReloadAssembly (512ms)
			LoadAssemblies (118ms)
			RebuildTransferFunctionScriptingTraits (0ms)
			SetupTypeCache (126ms)
			ReleaseScriptCaches (0ms)
			RebuildScriptCaches (26ms)
			SetupLoadedEditorAssemblies (311ms)
				LogAssemblyErrors (0ms)
				InitializePlatformSupportModulesInManaged (7ms)
				SetLoadedEditorAssemblies (0ms)
				RefreshPlugins (134ms)
				BeforeProcessingInitializeOnLoad (1ms)
				ProcessInitializeOnLoadAttributes (122ms)
				ProcessInitializeOnLoadMethodAttributes (47ms)
				AfterProcessingInitializeOnLoad (0ms)
				EditorAssembliesLoaded (0ms)
			ExecutionOrderSort2 (0ms)
			AwakeInstancesAfterBackupRestoration (0ms)
Platform modules already initialized, skipping
Registering precompiled user dll's ...
Registered in 0.006014 seconds.
Begin MonoManager ReloadAssembly
Symbol file LoadedFromMemory doesn't match image E:\Unity Engine\Ali Raza\Library\PackageCache\com.unity.visualscripting@1.8.0\Editor\VisualScripting.Core\Dependencies\YamlDotNet\Unity.VisualScripting.YamlDotNet.dll
Symbol file LoadedFromMemory doesn't match image E:\Unity Engine\Ali Raza\Library\PackageCache\com.unity.visualscripting@1.8.0\Editor\VisualScripting.Core\Dependencies\DotNetZip\Unity.VisualScripting.IonicZip.dll
Native extension for WindowsStandalone target not found
Refreshing native plugins compatible for Editor in 134.00 ms, found 3 plugins.
Preloading 0 native plugins for Editor in 0.00 ms.
Mono: successfully reloaded assembly
- Completed reload, in  3.307 seconds
Domain Reload Profiling:
	ReloadAssembly (3307ms)
		BeginReloadAssembly (123ms)
			ExecutionOrderSort (0ms)
			DisableScriptedObjects (5ms)
			BackupInstance (0ms)
			ReleaseScriptingObjects (0ms)
			CreateAndSetChildDomain (19ms)
		EndReloadAssembly (3025ms)
			LoadAssemblies (1697ms)
			RebuildTransferFunctionScriptingTraits (0ms)
			SetupTypeCache (512ms)
			ReleaseScriptCaches (1ms)
			RebuildScriptCaches (72ms)
			SetupLoadedEditorAssemblies (712ms)
				LogAssemblyErrors (0ms)
				InitializePlatformSupportModulesInManaged (4ms)
				SetLoadedEditorAssemblies (0ms)
				RefreshPlugins (134ms)
				BeforeProcessingInitializeOnLoad (152ms)
				ProcessInitializeOnLoadAttributes (341ms)
				ProcessInitializeOnLoadMethodAttributes (73ms)
				AfterProcessingInitializeOnLoad (7ms)
				EditorAssembliesLoaded (0ms)
			ExecutionOrderSort2 (0ms)
			AwakeInstancesAfterBackupRestoration (5ms)
Platform modules already initialized, skipping
========================================================================
Worker process is ready to serve import requests
Launched and connected shader compiler UnityShaderCompiler.exe after 0.43 seconds
Refreshing native plugins compatible for Editor in 1.36 ms, found 3 plugins.
Preloading 0 native plugins for Editor in 0.00 ms.
Unloading 5716 Unused Serialized files (Serialized files now loaded: 0)
Unloading 61 unused Assets / (0.8 MB). Loaded Objects now: 6171.
Memory consumption went from 230.7 MB to 229.9 MB.
Total: 5.039900 ms (FindLiveObjects: 0.553100 ms CreateObjectMapping: 0.525400 ms MarkObjects: 3.630100 ms  DeleteObjects: 0.330100 ms)

AssetImportParameters requested are different than current active one (requested -> active):
  custom:video-decoder-ogg-theora: a1e56fd34408186e4bbccfd4996cb3dc -> 
  custom:container-muxer-webm: aa71ff27fc2769a1b78a27578f13a17b -> 
  custom:container-demuxer-webm: 4f35f7cbe854078d1ac9338744f61a02 -> 
  custom:video-encoder-webm-vp8: eb34c28f22e8b96e1ab97ce403110664 -> 
  custom:audio-encoder-webm-vorbis: bf7c407c2cedff20999df2af8eb42d56 -> 
  custom:framework-win-MediaFoundation: 216162199b28c13a410421893ffa2e32 -> 
  custom:container-demuxer-ogg: 62fdf1f143b41e24485cea50d1cbac27 -> 
  custom:video-decoder-webm-vp8: 9c59270c3fd7afecdb556c50c9e8de78 -> 
  custom:audio-decoder-ogg-vorbis: bf7c407c2cedff20999df2af8eb42d56 -> 
========================================================================
Received Import Request.
  Time since last request: 12620.615392 seconds.
  path: Assets/Resources04.png_alt=media&token=0ce7d5b8-572e-42c6-8697-de42c108e4a7.png
  artifactKey: Guid(9d65ab63ad7099744a47712f701599e7) Importer(815301076,1909f56bfc062723c751e8b465ee728b)
Start importing Assets/Resources04.png_alt=media&token=0ce7d5b8-572e-42c6-8697-de42c108e4a7.png using Guid(9d65ab63ad7099744a47712f701599e7) Importer(815301076,1909f56bfc062723c751e8b465ee728b)  -> (artifact id: '4872640a479e68a036cba8e9f1047ca8') in 0.120760 seconds 
========================================================================
Received Import Request.
  Time since last request: 0.000028 seconds.
  path: Assets/ResourcesScreenshot_20(14).png_alt=media&token=bddbeb84-d54d-431b-9068-f0b8dd3c7be2.png
  artifactKey: Guid(af7540bd147852f459b3a57419c3a2a7) Importer(815301076,1909f56bfc062723c751e8b465ee728b)
Start importing Assets/ResourcesScreenshot_20(14).png_alt=media&token=bddbeb84-d54d-431b-9068-f0b8dd3c7be2.png using Guid(af7540bd147852f459b3a57419c3a2a7) Importer(815301076,1909f56bfc062723c751e8b465ee728b)  -> (artifact id: 'fff3398a1ef0c7bc88fba5a39081ba31') in 0.137759 seconds 
========================================================================
Received Import Request.
  Time since last request: 0.000066 seconds.
  path: Assets/Resources03.png_alt=media&token=dceda588-72b5-4584-9db4-090eb6dc7df4.png
  artifactKey: Guid(ed7c9db73358a2d46a74c98aac68e1f5) Importer(815301076,1909f56bfc062723c751e8b465ee728b)
Start importing Assets/Resources03.png_alt=media&token=dceda588-72b5-4584-9db4-090eb6dc7df4.png using Guid(ed7c9db73358a2d46a74c98aac68e1f5) Importer(815301076,1909f56bfc062723c751e8b465ee728b)  -> (artifact id: '95d46fcce78c565ce5d1c3447488e796') in 0.076138 seconds 
========================================================================
Received Import Request.
  Time since last request: 0.000029 seconds.
  path: Assets/ResourcesTest_20ImageW.png_alt=media&token=69a63d89-cf30-4797-a3d9-c334672c17fa.png
  artifactKey: Guid(8f4e3145a4742914991b0f09974c66cf) Importer(815301076,1909f56bfc062723c751e8b465ee728b)
Start importing Assets/ResourcesTest_20ImageW.png_alt=media&token=69a63d89-cf30-4797-a3d9-c334672c17fa.png using Guid(8f4e3145a4742914991b0f09974c66cf) Importer(815301076,1909f56bfc062723c751e8b465ee728b)  -> (artifact id: '34bd409e5f6dd5c12d7a279af4ab6c06') in 0.103120 seconds 
========================================================================
Received Import Request.
  Time since last request: 0.000024 seconds.
  path: Assets/Resources01.png_alt=media&token=50bad0af-75b6-4757-be35-c31a10a2b3b5.png
  artifactKey: Guid(a782b4452f87e4849b5eef3d7935b2e7) Importer(815301076,1909f56bfc062723c751e8b465ee728b)
Start importing Assets/Resources01.png_alt=media&token=50bad0af-75b6-4757-be35-c31a10a2b3b5.png using Guid(a782b4452f87e4849b5eef3d7935b2e7) Importer(815301076,1909f56bfc062723c751e8b465ee728b)  -> (artifact id: 'ef8dc6967ace31fac82ad3b50ae3224f') in 0.130121 seconds 
========================================================================
Received Import Request.
  Time since last request: 0.000021 seconds.
  path: Assets/ResourcesTest_20ImageR.png_alt=media&token=6b6a356f-c4f4-4a7f-8511-dcd5f853514c.png
  artifactKey: Guid(d9b2f58a4b373e945926797d38299391) Importer(815301076,1909f56bfc062723c751e8b465ee728b)
Start importing Assets/ResourcesTest_20ImageR.png_alt=media&token=6b6a356f-c4f4-4a7f-8511-dcd5f853514c.png using Guid(d9b2f58a4b373e945926797d38299391) Importer(815301076,1909f56bfc062723c751e8b465ee728b)  -> (artifact id: '357079133892201face62997a9622e2c') in 0.162560 seconds 
========================================================================
Received Import Request.
  Time since last request: 0.000042 seconds.
  path: Assets/ResourcesScreenshot_20(1).png_alt=media&token=db2289e9-0025-49db-9df7-93df74d101ac.png
  artifactKey: Guid(d8afec34f91802f46b6dfba1acdd0f63) Importer(815301076,1909f56bfc062723c751e8b465ee728b)
Start importing Assets/ResourcesScreenshot_20(1).png_alt=media&token=db2289e9-0025-49db-9df7-93df74d101ac.png using Guid(d8afec34f91802f46b6dfba1acdd0f63) Importer(815301076,1909f56bfc062723c751e8b465ee728b)  -> (artifact id: 'e5f41c47430a2b60fa115b4729030823') in 0.237439 seconds 
========================================================================
Received Import Request.
  Time since last request: 0.000032 seconds.
  path: Assets/ResourcesTest_20ImageR.png_alt=media&token=7132ff99-b1ad-4428-abb7-81b66f31de55.png
  artifactKey: Guid(a7fafaf8272ec4c468fb0f1f02ec3749) Importer(815301076,1909f56bfc062723c751e8b465ee728b)
Start importing Assets/ResourcesTest_20ImageR.png_alt=media&token=7132ff99-b1ad-4428-abb7-81b66f31de55.png using Guid(a7fafaf8272ec4c468fb0f1f02ec3749) Importer(815301076,1909f56bfc062723c751e8b465ee728b)  -> (artifact id: '9d51383e46e07e86a2464c41daf79f4a') in 0.108975 seconds 
========================================================================
Received Import Request.
  Time since last request: 0.000052 seconds.
  path: Assets/Resources01.png_alt=media&token=e1503d33-737e-4a48-8d2d-4c60d7fbdba9.png
  artifactKey: Guid(9f545fe81db2a42448c7ffe7c1ebf574) Importer(815301076,1909f56bfc062723c751e8b465ee728b)
Start importing Assets/Resources01.png_alt=media&token=e1503d33-737e-4a48-8d2d-4c60d7fbdba9.png using Guid(9f545fe81db2a42448c7ffe7c1ebf574) Importer(815301076,1909f56bfc062723c751e8b465ee728b)  -> (artifact id: '3f3c11bdb82ed70431c3d8056b0ece25') in 0.035044 seconds 
========================================================================
Received Import Request.
  Time since last request: 0.000037 seconds.
  path: Assets/Resources02.png_alt=media&token=af1bbbc9-b890-4b58-8137-f5c0de5cd060.png
  artifactKey: Guid(8c831ff607dfa054daaa16a428d059fd) Importer(815301076,1909f56bfc062723c751e8b465ee728b)
Start importing Assets/Resources02.png_alt=media&token=af1bbbc9-b890-4b58-8137-f5c0de5cd060.png using Guid(8c831ff607dfa054daaa16a428d059fd) Importer(815301076,1909f56bfc062723c751e8b465ee728b)  -> (artifact id: 'a267615f23f35f60bc42652e4acd0c11') in 0.021862 seconds 
========================================================================
Received Import Request.
  Time since last request: 0.000017 seconds.
  path: Assets/ResourcesTest_20ImageR.png_alt=media&token=2e24a240-a5b7-482d-a08f-c819576d48d0.png
  artifactKey: Guid(8549f8df85213be4e8578218c41cda39) Importer(815301076,1909f56bfc062723c751e8b465ee728b)
Start importing Assets/ResourcesTest_20ImageR.png_alt=media&token=2e24a240-a5b7-482d-a08f-c819576d48d0.png using Guid(8549f8df85213be4e8578218c41cda39) Importer(815301076,1909f56bfc062723c751e8b465ee728b)  -> (artifact id: '0696ff75966b31ccfe2b7fbdc48314a0') in 0.012139 seconds 
========================================================================
Received Import Request.
  Time since last request: 0.000021 seconds.
  path: Assets/Resourcespngwing.com_20(2).png_alt=media&token=88777105-236c-462b-a32e-a665604bcea2.png
  artifactKey: Guid(4a1fb8fd6bc3abe45bba64a93f3943c8) Importer(815301076,1909f56bfc062723c751e8b465ee728b)
Start importing Assets/Resourcespngwing.com_20(2).png_alt=media&token=88777105-236c-462b-a32e-a665604bcea2.png using Guid(4a1fb8fd6bc3abe45bba64a93f3943c8) Importer(815301076,1909f56bfc062723c751e8b465ee728b)  -> (artifact id: 'd8ccbb4f1ad5e941f52a4b1872fd6959') in 0.162701 seconds 
========================================================================
Received Import Request.
  Time since last request: 0.000022 seconds.
  path: Assets/Resources02.png_alt=media&token=a13a30d9-8d3b-459a-9599-47059ca9b57c.png
  artifactKey: Guid(4969918bddf9ae04bbd8f84671a1d8b4) Importer(815301076,1909f56bfc062723c751e8b465ee728b)
Start importing Assets/Resources02.png_alt=media&token=a13a30d9-8d3b-459a-9599-47059ca9b57c.png using Guid(4969918bddf9ae04bbd8f84671a1d8b4) Importer(815301076,1909f56bfc062723c751e8b465ee728b)  -> (artifact id: '4cad93a407d582f7ea928b58c7d151ee') in 0.013090 seconds 
========================================================================
Received Import Request.
  Time since last request: 0.000031 seconds.
  path: Assets/Resources03.png_alt=media&token=9e9e2c31-96c2-4f31-a298-8fcef7ccdc83.png
  artifactKey: Guid(5bb997f4433491c469a8c7b6475ba2d7) Importer(815301076,1909f56bfc062723c751e8b465ee728b)
Start importing Assets/Resources03.png_alt=media&token=9e9e2c31-96c2-4f31-a298-8fcef7ccdc83.png using Guid(5bb997f4433491c469a8c7b6475ba2d7) Importer(815301076,1909f56bfc062723c751e8b465ee728b)  -> (artifact id: 'b1360d6e8f0922cabfd8dda6c3060110') in 0.089621 seconds 
========================================================================
Received Import Request.
  Time since last request: 0.000024 seconds.
  path: Assets/Resourcespngwing.com_20(2).png_alt=media&token=4530f85f-5715-4184-932e-d265fd6bad80.png
  artifactKey: Guid(0d8c0bc5efd051d4687c4b821e66b22b) Importer(815301076,1909f56bfc062723c751e8b465ee728b)
Start importing Assets/Resourcespngwing.com_20(2).png_alt=media&token=4530f85f-5715-4184-932e-d265fd6bad80.png using Guid(0d8c0bc5efd051d4687c4b821e66b22b) Importer(815301076,1909f56bfc062723c751e8b465ee728b)  -> (artifact id: 'a7d62c9e6ff85609485c773b42a12d37') in 0.161529 seconds 
========================================================================
Received Import Request.
  Time since last request: 0.000030 seconds.
  path: Assets/ResourcesScreenshot_20(9).png_alt=media&token=f62a22c0-5870-4025-b08f-1d4f7c51bef7.png
  artifactKey: Guid(00e932db7bb167d4693a1f4ac9b5a3ac) Importer(815301076,1909f56bfc062723c751e8b465ee728b)
Start importing Assets/ResourcesScreenshot_20(9).png_alt=media&token=f62a22c0-5870-4025-b08f-1d4f7c51bef7.png using Guid(00e932db7bb167d4693a1f4ac9b5a3ac) Importer(815301076,1909f56bfc062723c751e8b465ee728b)  -> (artifact id: '88b3b297aeb8df13de98af10f9e9fefd') in 0.012587 seconds 
========================================================================
Received Import Request.
  Time since last request: 0.000034 seconds.
  path: Assets/Resources04.png_alt=media&token=96ecdca5-530b-46fc-8b13-fb2d62638e0f.png
  artifactKey: Guid(ea2d6c4f9e988da44b89d07dba120020) Importer(815301076,1909f56bfc062723c751e8b465ee728b)
Start importing Assets/Resources04.png_alt=media&token=96ecdca5-530b-46fc-8b13-fb2d62638e0f.png using Guid(ea2d6c4f9e988da44b89d07dba120020) Importer(815301076,1909f56bfc062723c751e8b465ee728b)  -> (artifact id: 'b8ceb32285ea3a117c03048bf6d929e1') in 0.014528 seconds 
========================================================================
Received Import Request.
  Time since last request: 0.000023 seconds.
  path: Assets/Resources02.png_alt=media&token=f537fca1-0e8a-47c9-adc7-b9a52663ed9d.png
  artifactKey: Guid(64f7ce2f46661744eacecbcede8b93fb) Importer(815301076,1909f56bfc062723c751e8b465ee728b)
Start importing Assets/Resources02.png_alt=media&token=f537fca1-0e8a-47c9-adc7-b9a52663ed9d.png using Guid(64f7ce2f46661744eacecbcede8b93fb) Importer(815301076,1909f56bfc062723c751e8b465ee728b)  -> (artifact id: 'f7bb6128fa9b031f0aa975f14d9524f6') in 0.011417 seconds 
========================================================================
Received Import Request.
  Time since last request: 0.000021 seconds.
  path: Assets/Resourcespngwing.com_20(2).png_alt=media&token=74f18344-d4cf-4a36-8c4f-3520ab6d729f.png
  artifactKey: Guid(ade0f11ec8c0d9244bf5fc209befb487) Importer(815301076,1909f56bfc062723c751e8b465ee728b)
Start importing Assets/Resourcespngwing.com_20(2).png_alt=media&token=74f18344-d4cf-4a36-8c4f-3520ab6d729f.png using Guid(ade0f11ec8c0d9244bf5fc209befb487) Importer(815301076,1909f56bfc062723c751e8b465ee728b)  -> (artifact id: '2f3f5d855b745e0d0ef8087d923d187e') in 0.014677 seconds 
========================================================================
Received Import Request.
  Time since last request: 0.000029 seconds.
  path: Assets/Resources03.png_alt=media&token=bd4ad7e0-3603-4f93-a1b4-118ad0e6db49.png
  artifactKey: Guid(db0605bdea252404ea67c70b1d2ef454) Importer(815301076,1909f56bfc062723c751e8b465ee728b)
Start importing Assets/Resources03.png_alt=media&token=bd4ad7e0-3603-4f93-a1b4-118ad0e6db49.png using Guid(db0605bdea252404ea67c70b1d2ef454) Importer(815301076,1909f56bfc062723c751e8b465ee728b)  -> (artifact id: 'f9fe17b8f0cd6812cc16fabc92cc58dc') in 0.122048 seconds 
========================================================================
Received Import Request.
  Time since last request: 45.489673 seconds.
  path: Assets/StarterAssets/Readme.asset
  artifactKey: Guid(4181bfe715a83e843b7538d750dc57cc) Importer(815301076,1909f56bfc062723c751e8b465ee728b)
Start importing Assets/StarterAssets/Readme.asset using Guid(4181bfe715a83e843b7538d750dc57cc) Importer(815301076,1909f56bfc062723c751e8b465ee728b)  -> (artifact id: '14640050b7e3d79ffd1c1141e5f5cbbe') in 0.010669 seconds 
========================================================================
Received Import Request.
  Time since last request: 5.450218 seconds.
  path: Assets/Scenes/MainSceneFinal.unity
  artifactKey: Guid(e8b394924d49e28459f372a2f6d473f1) Importer(815301076,1909f56bfc062723c751e8b465ee728b)
Start importing Assets/Scenes/MainSceneFinal.unity using Guid(e8b394924d49e28459f372a2f6d473f1) Importer(815301076,1909f56bfc062723c751e8b465ee728b)  -> (artifact id: 'eb702d0b5c746d7b81ba3a0dc05d4858') in 0.007375 seconds 
========================================================================
Received Import Request.
  Time since last request: 11.460587 seconds.
  path: Assets
  artifactKey: Guid(00000000000000001000000000000000) Importer(815301076,1909f56bfc062723c751e8b465ee728b)
Start importing Assets using Guid(00000000000000001000000000000000) Importer(815301076,1909f56bfc062723c751e8b465ee728b)  -> (artifact id: '79842766b460edbeab6a34051e857a80') in 0.018265 seconds 
========================================================================
Received Import Request.
  Time since last request: 22.477471 seconds.
  path: Assets/Evnironment
  artifactKey: Guid(8ba664e7cb1bb89459d65c3e42c5377a) Importer(815301076,1909f56bfc062723c751e8b465ee728b)
Start importing Assets/Evnironment using Guid(8ba664e7cb1bb89459d65c3e42c5377a) Importer(815301076,1909f56bfc062723c751e8b465ee728b)  -> (artifact id: 'd5ae9a32a298db182cc6cc22be94b157') in 0.006782 seconds 
========================================================================
Received Import Request.
  Time since last request: 36.809909 seconds.
  path: Assets/Environment
  artifactKey: Guid(8ba664e7cb1bb89459d65c3e42c5377a) Importer(815301076,1909f56bfc062723c751e8b465ee728b)
Start importing Assets/Environment using Guid(8ba664e7cb1bb89459d65c3e42c5377a) Importer(815301076,1909f56bfc062723c751e8b465ee728b)  -> (artifact id: 'd8d484691c620d71453e3a5126469e32') in 0.007345 seconds 
========================================================================
Received Import Request.
  Time since last request: 3.491045 seconds.
  path: Assets/_Environment
  artifactKey: Guid(8ba664e7cb1bb89459d65c3e42c5377a) Importer(815301076,1909f56bfc062723c751e8b465ee728b)
Start importing Assets/_Environment using Guid(8ba664e7cb1bb89459d65c3e42c5377a) Importer(815301076,1909f56bfc062723c751e8b465ee728b)  -> (artifact id: '750c5a1f870d847b240c30bb9fa5a71d') in 0.007375 seconds 
========================================================================
Received Import Request.
  Time since last request: 2.684625 seconds.
  path: Assets/_Environment/the-japanese-school-corridor/textures
  artifactKey: Guid(2623e83bef4270546a0a56fdf665c0c0) Importer(815301076,1909f56bfc062723c751e8b465ee728b)
Start importing Assets/_Environment/the-japanese-school-corridor/textures using Guid(2623e83bef4270546a0a56fdf665c0c0) Importer(815301076,1909f56bfc062723c751e8b465ee728b)  -> (artifact id: '4f4a96ee3ab08d5a205de8031b89aec3') in 0.007644 seconds 
========================================================================
Received Import Request.
  Time since last request: 6.152228 seconds.
  path: Assets/_Environment/the-japanese-school-corridor/source/The Japanese school corridor/The Japanese school corridor/The Japanese school corridor.fbx
  artifactKey: Guid(ae9bb91f1fe8a4d4da418f0e7e36c072) Importer(815301076,1909f56bfc062723c751e8b465ee728b)
Start importing Assets/_Environment/the-japanese-school-corridor/source/The Japanese school corridor/The Japanese school corridor/The Japanese school corridor.fbx using Guid(ae9bb91f1fe8a4d4da418f0e7e36c072) Importer(815301076,1909f56bfc062723c751e8b465ee728b)  -> (artifact id: '77282aea841d6a19a37f89395397920e') in 1.565492 seconds 
========================================================================
Received Import Request.
  Time since last request: 2.084599 seconds.
  path: Assets/_Environment/the-japanese-school-corridor/source/The Japanese school corridor/The Japanese school corridor/The Japanese school corridor.obj
  artifactKey: Guid(486bb924f1677f34ab808092c8bdf94e) Importer(815301076,1909f56bfc062723c751e8b465ee728b)
Start importing Assets/_Environment/the-japanese-school-corridor/source/The Japanese school corridor/The Japanese school corridor/The Japanese school corridor.obj using Guid(486bb924f1677f34ab808092c8bdf94e) Importer(815301076,1909f56bfc062723c751e8b465ee728b)  -> (artifact id: 'c75e9967f7cdcba321f28aa33280bdb1') in 0.030065 seconds 
========================================================================
Received Prepare
Registering precompiled user dll's ...
Registered in 0.006691 seconds.
Begin MonoManager ReloadAssembly
Symbol file LoadedFromMemory doesn't match image E:\Unity Engine\Ali Raza\Library\PackageCache\com.unity.visualscripting@1.8.0\Editor\VisualScripting.Core\Dependencies\YamlDotNet\Unity.VisualScripting.YamlDotNet.dll
Symbol file LoadedFromMemory doesn't match image E:\Unity Engine\Ali Raza\Library\PackageCache\com.unity.visualscripting@1.8.0\Editor\VisualScripting.Core\Dependencies\DotNetZip\Unity.VisualScripting.IonicZip.dll
Native extension for WindowsStandalone target not found
Refreshing native plugins compatible for Editor in 1.21 ms, found 3 plugins.
Preloading 0 native plugins for Editor in 0.00 ms.
Mono: successfully reloaded assembly
- Completed reload, in  1.370 seconds
Domain Reload Profiling:
	ReloadAssembly (1371ms)
		BeginReloadAssembly (183ms)
			ExecutionOrderSort (0ms)
			DisableScriptedObjects (8ms)
			BackupInstance (0ms)
			ReleaseScriptingObjects (0ms)
			CreateAndSetChildDomain (52ms)
		EndReloadAssembly (1099ms)
			LoadAssemblies (107ms)
			RebuildTransferFunctionScriptingTraits (0ms)
			SetupTypeCache (338ms)
			ReleaseScriptCaches (2ms)
			RebuildScriptCaches (50ms)
			SetupLoadedEditorAssemblies (512ms)
				LogAssemblyErrors (0ms)
				InitializePlatformSupportModulesInManaged (6ms)
				SetLoadedEditorAssemblies (0ms)
				RefreshPlugins (1ms)
				BeforeProcessingInitializeOnLoad (82ms)
				ProcessInitializeOnLoadAttributes (335ms)
				ProcessInitializeOnLoadMethodAttributes (78ms)
				AfterProcessingInitializeOnLoad (8ms)
				EditorAssembliesLoaded (0ms)
			ExecutionOrderSort2 (0ms)
			AwakeInstancesAfterBackupRestoration (14ms)
Platform modules already initialized, skipping
Refreshing native plugins compatible for Editor in 3.02 ms, found 3 plugins.
Preloading 0 native plugins for Editor in 0.00 ms.
Unloading 5581 Unused Serialized files (Serialized files now loaded: 0)
Unloading 40 unused Assets / (0.8 MB). Loaded Objects now: 6277.
Memory consumption went from 231.5 MB to 230.7 MB.
Total: 3.619900 ms (FindLiveObjects: 0.485100 ms CreateObjectMapping: 0.136700 ms MarkObjects: 2.665800 ms  DeleteObjects: 0.331300 ms)

AssetImportParameters requested are different than current active one (requested -> active):
  custom:video-decoder-ogg-theora: a1e56fd34408186e4bbccfd4996cb3dc -> 
  custom:container-muxer-webm: aa71ff27fc2769a1b78a27578f13a17b -> 
  custom:container-demuxer-webm: 4f35f7cbe854078d1ac9338744f61a02 -> 
  custom:video-encoder-webm-vp8: eb34c28f22e8b96e1ab97ce403110664 -> 
  custom:audio-encoder-webm-vorbis: bf7c407c2cedff20999df2af8eb42d56 -> 
  custom:framework-win-MediaFoundation: 216162199b28c13a410421893ffa2e32 -> 
  custom:container-demuxer-ogg: 62fdf1f143b41e24485cea50d1cbac27 -> 
  custom:video-decoder-webm-vp8: 9c59270c3fd7afecdb556c50c9e8de78 -> 
  custom:audio-decoder-ogg-vorbis: bf7c407c2cedff20999df2af8eb42d56 -> 
========================================================================
Received Prepare
Registering precompiled user dll's ...
Registered in 0.008300 seconds.
Begin MonoManager ReloadAssembly
Symbol file LoadedFromMemory doesn't match image E:\Unity Engine\Ali Raza\Library\PackageCache\com.unity.visualscripting@1.8.0\Editor\VisualScripting.Core\Dependencies\YamlDotNet\Unity.VisualScripting.YamlDotNet.dll
Symbol file LoadedFromMemory doesn't match image E:\Unity Engine\Ali Raza\Library\PackageCache\com.unity.visualscripting@1.8.0\Editor\VisualScripting.Core\Dependencies\DotNetZip\Unity.VisualScripting.IonicZip.dll
Native extension for WindowsStandalone target not found
Refreshing native plugins compatible for Editor in 1.24 ms, found 3 plugins.
Preloading 0 native plugins for Editor in 0.00 ms.
Mono: successfully reloaded assembly
- Completed reload, in  1.212 seconds
Domain Reload Profiling:
	ReloadAssembly (1213ms)
		BeginReloadAssembly (142ms)
			ExecutionOrderSort (0ms)
			DisableScriptedObjects (4ms)
			BackupInstance (0ms)
			ReleaseScriptingObjects (0ms)
			CreateAndSetChildDomain (38ms)
		EndReloadAssembly (988ms)
			LoadAssemblies (95ms)
			RebuildTransferFunctionScriptingTraits (0ms)
			SetupTypeCache (336ms)
			ReleaseScriptCaches (2ms)
			RebuildScriptCaches (50ms)
			SetupLoadedEditorAssemblies (459ms)
				LogAssemblyErrors (0ms)
				InitializePlatformSupportModulesInManaged (5ms)
				SetLoadedEditorAssemblies (0ms)
				RefreshPlugins (1ms)
				BeforeProcessingInitializeOnLoad (79ms)
				ProcessInitializeOnLoadAttributes (283ms)
				ProcessInitializeOnLoadMethodAttributes (82ms)
				AfterProcessingInitializeOnLoad (8ms)
				EditorAssembliesLoaded (0ms)
			ExecutionOrderSort2 (0ms)
			AwakeInstancesAfterBackupRestoration (13ms)
Platform modules already initialized, skipping
Refreshing native plugins compatible for Editor in 3.06 ms, found 3 plugins.
Preloading 0 native plugins for Editor in 0.00 ms.
Unloading 5582 Unused Serialized files (Serialized files now loaded: 0)
Unloading 40 unused Assets / (0.8 MB). Loaded Objects now: 6292.
Memory consumption went from 231.6 MB to 230.8 MB.
Total: 3.607800 ms (FindLiveObjects: 0.466000 ms CreateObjectMapping: 0.144800 ms MarkObjects: 2.670700 ms  DeleteObjects: 0.325200 ms)

AssetImportParameters requested are different than current active one (requested -> active):
  custom:video-decoder-ogg-theora: a1e56fd34408186e4bbccfd4996cb3dc -> 
  custom:container-muxer-webm: aa71ff27fc2769a1b78a27578f13a17b -> 
  custom:container-demuxer-webm: 4f35f7cbe854078d1ac9338744f61a02 -> 
  custom:video-encoder-webm-vp8: eb34c28f22e8b96e1ab97ce403110664 -> 
  custom:audio-encoder-webm-vorbis: bf7c407c2cedff20999df2af8eb42d56 -> 
  custom:framework-win-MediaFoundation: 216162199b28c13a410421893ffa2e32 -> 
  custom:container-demuxer-ogg: 62fdf1f143b41e24485cea50d1cbac27 -> 
  custom:video-decoder-webm-vp8: 9c59270c3fd7afecdb556c50c9e8de78 -> 
  custom:audio-decoder-ogg-vorbis: bf7c407c2cedff20999df2af8eb42d56 -> 
========================================================================
Received Prepare
Registering precompiled user dll's ...
Registered in 0.007756 seconds.
Begin MonoManager ReloadAssembly
Symbol file LoadedFromMemory doesn't match image E:\Unity Engine\Ali Raza\Library\PackageCache\com.unity.visualscripting@1.8.0\Editor\VisualScripting.Core\Dependencies\YamlDotNet\Unity.VisualScripting.YamlDotNet.dll
Symbol file LoadedFromMemory doesn't match image E:\Unity Engine\Ali Raza\Library\PackageCache\com.unity.visualscripting@1.8.0\Editor\VisualScripting.Core\Dependencies\DotNetZip\Unity.VisualScripting.IonicZip.dll
Native extension for WindowsStandalone target not found
Refreshing native plugins compatible for Editor in 1.37 ms, found 3 plugins.
Preloading 0 native plugins for Editor in 0.00 ms.
Mono: successfully reloaded assembly
- Completed reload, in  2.123 seconds
Domain Reload Profiling:
	ReloadAssembly (2125ms)
		BeginReloadAssembly (524ms)
			ExecutionOrderSort (0ms)
			DisableScriptedObjects (32ms)
			BackupInstance (0ms)
			ReleaseScriptingObjects (0ms)
			CreateAndSetChildDomain (248ms)
		EndReloadAssembly (1486ms)
			LoadAssemblies (137ms)
			RebuildTransferFunctionScriptingTraits (0ms)
			SetupTypeCache (407ms)
			ReleaseScriptCaches (2ms)
			RebuildScriptCaches (54ms)
			SetupLoadedEditorAssemblies (587ms)
				LogAssemblyErrors (0ms)
				InitializePlatformSupportModulesInManaged (6ms)
				SetLoadedEditorAssemblies (1ms)
				RefreshPlugins (1ms)
				BeforeProcessingInitializeOnLoad (90ms)
				ProcessInitializeOnLoadAttributes (413ms)
				ProcessInitializeOnLoadMethodAttributes (66ms)
				AfterProcessingInitializeOnLoad (9ms)
				EditorAssembliesLoaded (0ms)
			ExecutionOrderSort2 (0ms)
			AwakeInstancesAfterBackupRestoration (11ms)
Platform modules already initialized, skipping
Refreshing native plugins compatible for Editor in 3.52 ms, found 3 plugins.
Preloading 0 native plugins for Editor in 0.00 ms.
Unloading 5582 Unused Serialized files (Serialized files now loaded: 0)
Unloading 40 unused Assets / (0.8 MB). Loaded Objects now: 6307.
Memory consumption went from 231.6 MB to 230.8 MB.
Total: 6.570800 ms (FindLiveObjects: 0.788800 ms CreateObjectMapping: 0.363600 ms MarkObjects: 5.030300 ms  DeleteObjects: 0.386500 ms)

AssetImportParameters requested are different than current active one (requested -> active):
  custom:video-decoder-ogg-theora: a1e56fd34408186e4bbccfd4996cb3dc -> 
  custom:container-muxer-webm: aa71ff27fc2769a1b78a27578f13a17b -> 
  custom:container-demuxer-webm: 4f35f7cbe854078d1ac9338744f61a02 -> 
  custom:video-encoder-webm-vp8: eb34c28f22e8b96e1ab97ce403110664 -> 
  custom:audio-encoder-webm-vorbis: bf7c407c2cedff20999df2af8eb42d56 -> 
  custom:framework-win-MediaFoundation: 216162199b28c13a410421893ffa2e32 -> 
  custom:container-demuxer-ogg: 62fdf1f143b41e24485cea50d1cbac27 -> 
  custom:video-decoder-webm-vp8: 9c59270c3fd7afecdb556c50c9e8de78 -> 
  custom:audio-decoder-ogg-vorbis: bf7c407c2cedff20999df2af8eb42d56 -> 
========================================================================
Received Import Request.
  Time since last request: 4002.358995 seconds.
  path: Assets/Animations
  artifactKey: Guid(5c523f008fa23854e9f2d4c4da486dbb) Importer(815301076,1909f56bfc062723c751e8b465ee728b)
Start importing Assets/Animations using Guid(5c523f008fa23854e9f2d4c4da486dbb) Importer(815301076,1909f56bfc062723c751e8b465ee728b)  -> (artifact id: '3b1c5dfbbb000d64135cf82e304af7a9') in 0.015372 seconds 
========================================================================
Received Import Request.
  Time since last request: 3.392587 seconds.
  path: Assets/_VideoPlayer
  artifactKey: Guid(35620f6ad8ac8f44c9f0250287cefff0) Importer(815301076,1909f56bfc062723c751e8b465ee728b)
Start importing Assets/_VideoPlayer using Guid(35620f6ad8ac8f44c9f0250287cefff0) Importer(815301076,1909f56bfc062723c751e8b465ee728b)  -> (artifact id: '6831ccf8a3ed944858d479f37756ceba') in 0.008699 seconds 
========================================================================
Received Import Request.
  Time since last request: 2.941494 seconds.
  path: Assets/_VideoPlayer/Video/Final Videos
  artifactKey: Guid(738015129831f3f4386d038a9d7bc01e) Importer(815301076,1909f56bfc062723c751e8b465ee728b)
Start importing Assets/_VideoPlayer/Video/Final Videos using Guid(738015129831f3f4386d038a9d7bc01e) Importer(815301076,1909f56bfc062723c751e8b465ee728b)  -> (artifact id: 'a326a8503364d9988ef32b99769b5755') in 0.021049 seconds 
========================================================================
Received Import Request.
  Time since last request: 1.602178 seconds.
  path: Assets/_VideoPlayer/Video/Final Videos/Dummy Video For Website.mp4
  artifactKey: Guid(e850c9a53a095b24cbcefd645524a796) Importer(815301076,1909f56bfc062723c751e8b465ee728b)
Start importing Assets/_VideoPlayer/Video/Final Videos/Dummy Video For Website.mp4 using Guid(e850c9a53a095b24cbcefd645524a796) Importer(815301076,1909f56bfc062723c751e8b465ee728b)  -> (artifact id: 'bc253c384e9a87e2e8fcdb4962674a71') in 0.025702 seconds 
========================================================================
Received Import Request.
  Time since last request: 3.562957 seconds.
  path: Assets/_VideoPlayer/Video/Asteroids Gameplay.mp4
  artifactKey: Guid(2dda9228e6b638e4d9398736a3433559) Importer(815301076,1909f56bfc062723c751e8b465ee728b)
Start importing Assets/_VideoPlayer/Video/Asteroids Gameplay.mp4 using Guid(2dda9228e6b638e4d9398736a3433559) Importer(815301076,1909f56bfc062723c751e8b465ee728b)  -> (artifact id: '6d5c499f63bfc152f4b64b86b963b3ce') in 0.024033 seconds 
========================================================================
Received Import Request.
  Time since last request: 479.025112 seconds.
  path: Assets/mYcHARACYER
  artifactKey: Guid(80d347a046ed5a546bef946b7b4ce33a) Importer(815301076,1909f56bfc062723c751e8b465ee728b)
Start importing Assets/mYcHARACYER using Guid(80d347a046ed5a546bef946b7b4ce33a) Importer(815301076,1909f56bfc062723c751e8b465ee728b)  -> (artifact id: '2164b49c86279d477ee985ca0ec494b4') in 0.023528 seconds 
========================================================================
Received Import Request.
  Time since last request: 4.416939 seconds.
  path: Assets/Model/Sensory fusion prop.fbx
  artifactKey: Guid(8531a5d62e490ff46b508cec5544a7d9) Importer(815301076,1909f56bfc062723c751e8b465ee728b)
Start importing Assets/Model/Sensory fusion prop.fbx using Guid(8531a5d62e490ff46b508cec5544a7d9) Importer(815301076,1909f56bfc062723c751e8b465ee728b)  -> (artifact id: 'ee71f9e1cb784716d79cc83f6d2ae59b') in 6.341459 seconds 
========================================================================
Received Import Request.
  Time since last request: 38.708315 seconds.
  path: Assets/Model/Light.fbx
  artifactKey: Guid(65035a8eb815bb84186ee7072b773987) Importer(815301076,1909f56bfc062723c751e8b465ee728b)
Start importing Assets/Model/Light.fbx using Guid(65035a8eb815bb84186ee7072b773987) Importer(815301076,1909f56bfc062723c751e8b465ee728b)  -> (artifact id: '909818c2eec5d69c3acc20038ea0e7e2') in 0.017067 seconds 
